The system is: Linux - 5.15.0-139-generic - x86_64
Compiling the C compiler identification source file "CMakeCCompilerId.c" succeeded.
Compiler: /usr/local/arm/bin/aarch64-linux-gcc 
Build flags: 
Id flags:  

The output was:
0


Compilation of the C compiler identification source "CMakeCCompilerId.c" produced "a.out"

The C compiler identification is GNU, found in "/home/ubu/code/mqtt/out/build/linux_arm64/CMakeFiles/3.16.3/CompilerIdC/a.out"

Compiling the CXX compiler identification source file "CMakeCXXCompilerId.cpp" succeeded.
Compiler: /usr/local/arm/bin/aarch64-linux-g++ 
Build flags: 
Id flags:  

The output was:
0


Compilation of the CXX compiler identification source "CMakeCXXCompilerId.cpp" produced "a.out"

The CXX compiler identification is GNU, found in "/home/ubu/code/mqtt/out/build/linux_arm64/CMakeFiles/3.16.3/CompilerIdCXX/a.out"

Determining if the C compiler works passed with the following output:
Change Dir: /home/ubu/code/mqtt/out/build/linux_arm64/CMakeFiles/CMakeTmp

Run Build Command(s):/usr/bin/make cmTC_aacc7/fast && /usr/bin/make -f CMakeFiles/cmTC_aacc7.dir/build.make CMakeFiles/cmTC_aacc7.dir/build
make[1]: 进入目录“/home/ubu/code/mqtt/out/build/linux_arm64/CMakeFiles/CMakeTmp”
Building C object CMakeFiles/cmTC_aacc7.dir/testCCompiler.c.o
/usr/local/arm/bin/aarch64-linux-gcc    -o CMakeFiles/cmTC_aacc7.dir/testCCompiler.c.o   -c /home/ubu/code/mqtt/out/build/linux_arm64/CMakeFiles/CMakeTmp/testCCompiler.c
Linking C executable cmTC_aacc7
/usr/bin/cmake -E cmake_link_script CMakeFiles/cmTC_aacc7.dir/link.txt --verbose=1
/usr/local/arm/bin/aarch64-linux-gcc      CMakeFiles/cmTC_aacc7.dir/testCCompiler.c.o  -o cmTC_aacc7 
make[1]: 离开目录“/home/ubu/code/mqtt/out/build/linux_arm64/CMakeFiles/CMakeTmp”



Detecting C compiler ABI info compiled with the following output:
Change Dir: /home/ubu/code/mqtt/out/build/linux_arm64/CMakeFiles/CMakeTmp

Run Build Command(s):/usr/bin/make cmTC_0ba0b/fast && /usr/bin/make -f CMakeFiles/cmTC_0ba0b.dir/build.make CMakeFiles/cmTC_0ba0b.dir/build
make[1]: Entering directory '/home/ubu/code/mqtt/out/build/linux_arm64/CMakeFiles/CMakeTmp'
Building C object CMakeFiles/cmTC_0ba0b.dir/CMakeCCompilerABI.c.o
/usr/local/arm/bin/aarch64-linux-gcc   -v -o CMakeFiles/cmTC_0ba0b.dir/CMakeCCompilerABI.c.o   -c /usr/share/cmake-3.16/Modules/CMakeCCompilerABI.c
Using built-in specs.
COLLECT_GCC=/usr/local/arm/bin/aarch64-linux-gcc.br_real
Target: aarch64-rockchip-linux-gnu
Configured with: ./configure --prefix=/home/andy/rk3308b/sail_rk3308_linux_release_v1.5.2_20220124_biandai/buildroot/output/rk3308b_biandai_release/host --sysconfdir=/home/andy/rk3308b/sail_rk3308_linux_release_v1.5.2_20220124_biandai/buildroot/output/rk3308b_biandai_release/host/etc --enable-static --target=aarch64-rockchip-linux-gnu --with-sysroot=/home/andy/rk3308b/sail_rk3308_linux_release_v1.5.2_20220124_biandai/buildroot/output/rk3308b_biandai_release/host/aarch64-rockchip-linux-gnu/sysroot --disable-__cxa_atexit --with-gnu-ld --disable-libssp --disable-multilib --with-gmp=/home/andy/rk3308b/sail_rk3308_linux_release_v1.5.2_20220124_biandai/buildroot/output/rk3308b_biandai_release/host --with-mpc=/home/andy/rk3308b/sail_rk3308_linux_release_v1.5.2_20220124_biandai/buildroot/output/rk3308b_biandai_release/host --with-mpfr=/home/andy/rk3308b/sail_rk3308_linux_release_v1.5.2_20220124_biandai/buildroot/output/rk3308b_biandai_release/host --with-pkgversion='Buildroot 2018.02-rc3-01031-g8654bb7-dirty' --with-bugurl=http://bugs.buildroot.net/ --disable-libquadmath --enable-tls --disable-libmudflap --enable-threads --without-isl --without-cloog --disable-decimal-float --with-abi=lp64 --with-cpu=cortex-a35 --enable-languages=c,c++ --with-build-time-tools=/home/andy/rk3308b/sail_rk3308_linux_release_v1.5.2_20220124_biandai/buildroot/output/rk3308b_biandai_release/host/aarch64-rockchip-linux-gnu/bin --enable-shared --enable-libgomp
Thread model: posix
gcc version 6.4.0 (Buildroot 2018.02-rc3-01031-g8654bb7-dirty) 
COLLECT_GCC_OPTIONS='-v' '-o' 'CMakeFiles/cmTC_0ba0b.dir/CMakeCCompilerABI.c.o' '-c' '-mcpu=cortex-a35' '-mlittle-endian' '-mabi=lp64'
 /usr/local/arm/bin/../libexec/gcc/aarch64-rockchip-linux-gnu/6.4.0/cc1 -quiet -v -iprefix /usr/local/arm/bin/../lib/gcc/aarch64-rockchip-linux-gnu/6.4.0/ -isysroot /usr/local/arm/aarch64-rockchip-linux-gnu/sysroot /usr/share/cmake-3.16/Modules/CMakeCCompilerABI.c -quiet -dumpbase CMakeCCompilerABI.c -mcpu=cortex-a35 -mlittle-endian -mabi=lp64 -auxbase-strip CMakeFiles/cmTC_0ba0b.dir/CMakeCCompilerABI.c.o -version -o /tmp/ccNjSd7Y.s
GNU C11 (Buildroot 2018.02-rc3-01031-g8654bb7-dirty) version 6.4.0 (aarch64-rockchip-linux-gnu)
	compiled by GNU C version 5.4.0 20160609, GMP version 6.1.2, MPFR version 3.1.6, MPC version 1.0.3, isl version none
GGC heuristics: --param ggc-min-expand=100 --param ggc-min-heapsize=131072
ignoring duplicate directory "/usr/local/arm/bin/../lib/gcc/../../lib/gcc/aarch64-rockchip-linux-gnu/6.4.0/include"
ignoring nonexistent directory "/usr/local/arm/aarch64-rockchip-linux-gnu/sysroot/usr/local/include"
ignoring duplicate directory "/usr/local/arm/bin/../lib/gcc/../../lib/gcc/aarch64-rockchip-linux-gnu/6.4.0/include-fixed"
ignoring duplicate directory "/usr/local/arm/bin/../lib/gcc/../../lib/gcc/aarch64-rockchip-linux-gnu/6.4.0/../../../../aarch64-rockchip-linux-gnu/include"
#include "..." search starts here:
#include <...> search starts here:
 /usr/local/arm/bin/../lib/gcc/aarch64-rockchip-linux-gnu/6.4.0/include
 /usr/local/arm/bin/../lib/gcc/aarch64-rockchip-linux-gnu/6.4.0/include-fixed
 /usr/local/arm/bin/../lib/gcc/aarch64-rockchip-linux-gnu/6.4.0/../../../../aarch64-rockchip-linux-gnu/include
 /usr/local/arm/aarch64-rockchip-linux-gnu/sysroot/usr/include
End of search list.
GNU C11 (Buildroot 2018.02-rc3-01031-g8654bb7-dirty) version 6.4.0 (aarch64-rockchip-linux-gnu)
	compiled by GNU C version 5.4.0 20160609, GMP version 6.1.2, MPFR version 3.1.6, MPC version 1.0.3, isl version none
GGC heuristics: --param ggc-min-expand=100 --param ggc-min-heapsize=131072
Compiler executable checksum: e2e82278401a82816c75999c0c8db8e5
COLLECT_GCC_OPTIONS='-v' '-o' 'CMakeFiles/cmTC_0ba0b.dir/CMakeCCompilerABI.c.o' '-c' '-mcpu=cortex-a35' '-mlittle-endian' '-mabi=lp64'
 /usr/local/arm/bin/../lib/gcc/aarch64-rockchip-linux-gnu/6.4.0/../../../../aarch64-rockchip-linux-gnu/bin/as -v -EL -march=armv8-a+crc -mabi=lp64 -o CMakeFiles/cmTC_0ba0b.dir/CMakeCCompilerABI.c.o /tmp/ccNjSd7Y.s
GNU assembler version 2.29.1 (aarch64-rockchip-linux-gnu) using BFD version (GNU Binutils) 2.29.1
COMPILER_PATH=/usr/local/arm/bin/../libexec/gcc/aarch64-rockchip-linux-gnu/6.4.0/:/usr/local/arm/bin/../libexec/gcc/:/usr/local/arm/bin/../lib/gcc/aarch64-rockchip-linux-gnu/6.4.0/../../../../aarch64-rockchip-linux-gnu/bin/
LIBRARY_PATH=/usr/local/arm/bin/../lib/gcc/aarch64-rockchip-linux-gnu/6.4.0/:/usr/local/arm/bin/../lib/gcc/:/usr/local/arm/bin/../lib/gcc/aarch64-rockchip-linux-gnu/6.4.0/../../../../aarch64-rockchip-linux-gnu/lib/../lib64/:/usr/local/arm/aarch64-rockchip-linux-gnu/sysroot/lib/../lib64/:/usr/local/arm/aarch64-rockchip-linux-gnu/sysroot/usr/lib/../lib64/:/usr/local/arm/bin/../lib/gcc/aarch64-rockchip-linux-gnu/6.4.0/../../../../aarch64-rockchip-linux-gnu/lib/:/usr/local/arm/aarch64-rockchip-linux-gnu/sysroot/lib/:/usr/local/arm/aarch64-rockchip-linux-gnu/sysroot/usr/lib/
COLLECT_GCC_OPTIONS='-v' '-o' 'CMakeFiles/cmTC_0ba0b.dir/CMakeCCompilerABI.c.o' '-c' '-mcpu=cortex-a35' '-mlittle-endian' '-mabi=lp64'
Linking C executable cmTC_0ba0b
/usr/bin/cmake -E cmake_link_script CMakeFiles/cmTC_0ba0b.dir/link.txt --verbose=1
/usr/local/arm/bin/aarch64-linux-gcc     -v CMakeFiles/cmTC_0ba0b.dir/CMakeCCompilerABI.c.o  -o cmTC_0ba0b 
Using built-in specs.
COLLECT_GCC=/usr/local/arm/bin/aarch64-linux-gcc.br_real
COLLECT_LTO_WRAPPER=/usr/local/arm/bin/../libexec/gcc/aarch64-rockchip-linux-gnu/6.4.0/lto-wrapper
Target: aarch64-rockchip-linux-gnu
Configured with: ./configure --prefix=/home/andy/rk3308b/sail_rk3308_linux_release_v1.5.2_20220124_biandai/buildroot/output/rk3308b_biandai_release/host --sysconfdir=/home/andy/rk3308b/sail_rk3308_linux_release_v1.5.2_20220124_biandai/buildroot/output/rk3308b_biandai_release/host/etc --enable-static --target=aarch64-rockchip-linux-gnu --with-sysroot=/home/andy/rk3308b/sail_rk3308_linux_release_v1.5.2_20220124_biandai/buildroot/output/rk3308b_biandai_release/host/aarch64-rockchip-linux-gnu/sysroot --disable-__cxa_atexit --with-gnu-ld --disable-libssp --disable-multilib --with-gmp=/home/andy/rk3308b/sail_rk3308_linux_release_v1.5.2_20220124_biandai/buildroot/output/rk3308b_biandai_release/host --with-mpc=/home/andy/rk3308b/sail_rk3308_linux_release_v1.5.2_20220124_biandai/buildroot/output/rk3308b_biandai_release/host --with-mpfr=/home/andy/rk3308b/sail_rk3308_linux_release_v1.5.2_20220124_biandai/buildroot/output/rk3308b_biandai_release/host --with-pkgversion='Buildroot 2018.02-rc3-01031-g8654bb7-dirty' --with-bugurl=http://bugs.buildroot.net/ --disable-libquadmath --enable-tls --disable-libmudflap --enable-threads --without-isl --without-cloog --disable-decimal-float --with-abi=lp64 --with-cpu=cortex-a35 --enable-languages=c,c++ --with-build-time-tools=/home/andy/rk3308b/sail_rk3308_linux_release_v1.5.2_20220124_biandai/buildroot/output/rk3308b_biandai_release/host/aarch64-rockchip-linux-gnu/bin --enable-shared --enable-libgomp
Thread model: posix
gcc version 6.4.0 (Buildroot 2018.02-rc3-01031-g8654bb7-dirty) 
COMPILER_PATH=/usr/local/arm/bin/../libexec/gcc/aarch64-rockchip-linux-gnu/6.4.0/:/usr/local/arm/bin/../libexec/gcc/:/usr/local/arm/bin/../lib/gcc/aarch64-rockchip-linux-gnu/6.4.0/../../../../aarch64-rockchip-linux-gnu/bin/
LIBRARY_PATH=/usr/local/arm/bin/../lib/gcc/aarch64-rockchip-linux-gnu/6.4.0/:/usr/local/arm/bin/../lib/gcc/:/usr/local/arm/bin/../lib/gcc/aarch64-rockchip-linux-gnu/6.4.0/../../../../aarch64-rockchip-linux-gnu/lib/../lib64/:/usr/local/arm/aarch64-rockchip-linux-gnu/sysroot/lib/../lib64/:/usr/local/arm/aarch64-rockchip-linux-gnu/sysroot/usr/lib/../lib64/:/usr/local/arm/bin/../lib/gcc/aarch64-rockchip-linux-gnu/6.4.0/../../../../aarch64-rockchip-linux-gnu/lib/:/usr/local/arm/aarch64-rockchip-linux-gnu/sysroot/lib/:/usr/local/arm/aarch64-rockchip-linux-gnu/sysroot/usr/lib/
COLLECT_GCC_OPTIONS='-v' '-o' 'cmTC_0ba0b' '-mcpu=cortex-a35' '-mlittle-endian' '-mabi=lp64'
 /usr/local/arm/bin/../libexec/gcc/aarch64-rockchip-linux-gnu/6.4.0/collect2 -plugin /usr/local/arm/bin/../libexec/gcc/aarch64-rockchip-linux-gnu/6.4.0/liblto_plugin.so -plugin-opt=/usr/local/arm/bin/../libexec/gcc/aarch64-rockchip-linux-gnu/6.4.0/lto-wrapper -plugin-opt=-fresolution=/tmp/ccJ7naqp.res -plugin-opt=-pass-through=-lgcc -plugin-opt=-pass-through=-lgcc_s -plugin-opt=-pass-through=-lc -plugin-opt=-pass-through=-lgcc -plugin-opt=-pass-through=-lgcc_s --sysroot=/usr/local/arm/aarch64-rockchip-linux-gnu/sysroot --eh-frame-hdr -dynamic-linker /lib/ld-linux-aarch64.so.1 -X -EL -maarch64linux -o cmTC_0ba0b /usr/local/arm/aarch64-rockchip-linux-gnu/sysroot/lib/../lib64/crt1.o /usr/local/arm/aarch64-rockchip-linux-gnu/sysroot/lib/../lib64/crti.o /usr/local/arm/bin/../lib/gcc/aarch64-rockchip-linux-gnu/6.4.0/crtbegin.o -L/usr/local/arm/bin/../lib/gcc/aarch64-rockchip-linux-gnu/6.4.0 -L/usr/local/arm/bin/../lib/gcc -L/usr/local/arm/bin/../lib/gcc/aarch64-rockchip-linux-gnu/6.4.0/../../../../aarch64-rockchip-linux-gnu/lib/../lib64 -L/usr/local/arm/aarch64-rockchip-linux-gnu/sysroot/lib/../lib64 -L/usr/local/arm/aarch64-rockchip-linux-gnu/sysroot/usr/lib/../lib64 -L/usr/local/arm/bin/../lib/gcc/aarch64-rockchip-linux-gnu/6.4.0/../../../../aarch64-rockchip-linux-gnu/lib -L/usr/local/arm/aarch64-rockchip-linux-gnu/sysroot/lib -L/usr/local/arm/aarch64-rockchip-linux-gnu/sysroot/usr/lib CMakeFiles/cmTC_0ba0b.dir/CMakeCCompilerABI.c.o -lgcc --as-needed -lgcc_s --no-as-needed -lc -lgcc --as-needed -lgcc_s --no-as-needed /usr/local/arm/bin/../lib/gcc/aarch64-rockchip-linux-gnu/6.4.0/crtend.o /usr/local/arm/aarch64-rockchip-linux-gnu/sysroot/lib/../lib64/crtn.o
COLLECT_GCC_OPTIONS='-v' '-o' 'cmTC_0ba0b' '-mcpu=cortex-a35' '-mlittle-endian' '-mabi=lp64'
make[1]: Leaving directory '/home/ubu/code/mqtt/out/build/linux_arm64/CMakeFiles/CMakeTmp'



Parsed C implicit include dir info from above output: rv=done
  found start of include info
  found start of implicit include info
    add: [/usr/local/arm/bin/../lib/gcc/aarch64-rockchip-linux-gnu/6.4.0/include]
    add: [/usr/local/arm/bin/../lib/gcc/aarch64-rockchip-linux-gnu/6.4.0/include-fixed]
    add: [/usr/local/arm/bin/../lib/gcc/aarch64-rockchip-linux-gnu/6.4.0/../../../../aarch64-rockchip-linux-gnu/include]
    add: [/usr/local/arm/aarch64-rockchip-linux-gnu/sysroot/usr/include]
  end of search list found
  collapse include dir [/usr/local/arm/bin/../lib/gcc/aarch64-rockchip-linux-gnu/6.4.0/include] ==> [/usr/local/arm/lib/gcc/aarch64-rockchip-linux-gnu/6.4.0/include]
  collapse include dir [/usr/local/arm/bin/../lib/gcc/aarch64-rockchip-linux-gnu/6.4.0/include-fixed] ==> [/usr/local/arm/lib/gcc/aarch64-rockchip-linux-gnu/6.4.0/include-fixed]
  collapse include dir [/usr/local/arm/bin/../lib/gcc/aarch64-rockchip-linux-gnu/6.4.0/../../../../aarch64-rockchip-linux-gnu/include] ==> [/usr/local/arm/aarch64-rockchip-linux-gnu/include]
  collapse include dir [/usr/local/arm/aarch64-rockchip-linux-gnu/sysroot/usr/include] ==> [/usr/local/arm/aarch64-rockchip-linux-gnu/sysroot/usr/include]
  implicit include dirs: [/usr/local/arm/lib/gcc/aarch64-rockchip-linux-gnu/6.4.0/include;/usr/local/arm/lib/gcc/aarch64-rockchip-linux-gnu/6.4.0/include-fixed;/usr/local/arm/aarch64-rockchip-linux-gnu/include;/usr/local/arm/aarch64-rockchip-linux-gnu/sysroot/usr/include]


Parsed C implicit link information from above output:
  link line regex: [^( *|.*[/\])(ld|CMAKE_LINK_STARTFILE-NOTFOUND|([^/\]+-)?ld|collect2)[^/\]*( |$)]
  ignore line: [Change Dir: /home/ubu/code/mqtt/out/build/linux_arm64/CMakeFiles/CMakeTmp]
  ignore line: []
  ignore line: [Run Build Command(s):/usr/bin/make cmTC_0ba0b/fast && /usr/bin/make -f CMakeFiles/cmTC_0ba0b.dir/build.make CMakeFiles/cmTC_0ba0b.dir/build]
  ignore line: [make[1]: Entering directory '/home/ubu/code/mqtt/out/build/linux_arm64/CMakeFiles/CMakeTmp']
  ignore line: [Building C object CMakeFiles/cmTC_0ba0b.dir/CMakeCCompilerABI.c.o]
  ignore line: [/usr/local/arm/bin/aarch64-linux-gcc   -v -o CMakeFiles/cmTC_0ba0b.dir/CMakeCCompilerABI.c.o   -c /usr/share/cmake-3.16/Modules/CMakeCCompilerABI.c]
  ignore line: [Using built-in specs.]
  ignore line: [COLLECT_GCC=/usr/local/arm/bin/aarch64-linux-gcc.br_real]
  ignore line: [Target: aarch64-rockchip-linux-gnu]
  ignore line: [Configured with: ./configure --prefix=/home/andy/rk3308b/sail_rk3308_linux_release_v1.5.2_20220124_biandai/buildroot/output/rk3308b_biandai_release/host --sysconfdir=/home/andy/rk3308b/sail_rk3308_linux_release_v1.5.2_20220124_biandai/buildroot/output/rk3308b_biandai_release/host/etc --enable-static --target=aarch64-rockchip-linux-gnu --with-sysroot=/home/andy/rk3308b/sail_rk3308_linux_release_v1.5.2_20220124_biandai/buildroot/output/rk3308b_biandai_release/host/aarch64-rockchip-linux-gnu/sysroot --disable-__cxa_atexit --with-gnu-ld --disable-libssp --disable-multilib --with-gmp=/home/andy/rk3308b/sail_rk3308_linux_release_v1.5.2_20220124_biandai/buildroot/output/rk3308b_biandai_release/host --with-mpc=/home/andy/rk3308b/sail_rk3308_linux_release_v1.5.2_20220124_biandai/buildroot/output/rk3308b_biandai_release/host --with-mpfr=/home/andy/rk3308b/sail_rk3308_linux_release_v1.5.2_20220124_biandai/buildroot/output/rk3308b_biandai_release/host --with-pkgversion='Buildroot 2018.02-rc3-01031-g8654bb7-dirty' --with-bugurl=http://bugs.buildroot.net/ --disable-libquadmath --enable-tls --disable-libmudflap --enable-threads --without-isl --without-cloog --disable-decimal-float --with-abi=lp64 --with-cpu=cortex-a35 --enable-languages=c,c++ --with-build-time-tools=/home/andy/rk3308b/sail_rk3308_linux_release_v1.5.2_20220124_biandai/buildroot/output/rk3308b_biandai_release/host/aarch64-rockchip-linux-gnu/bin --enable-shared --enable-libgomp]
  ignore line: [Thread model: posix]
  ignore line: [gcc version 6.4.0 (Buildroot 2018.02-rc3-01031-g8654bb7-dirty) ]
  ignore line: [COLLECT_GCC_OPTIONS='-v' '-o' 'CMakeFiles/cmTC_0ba0b.dir/CMakeCCompilerABI.c.o' '-c' '-mcpu=cortex-a35' '-mlittle-endian' '-mabi=lp64']
  ignore line: [ /usr/local/arm/bin/../libexec/gcc/aarch64-rockchip-linux-gnu/6.4.0/cc1 -quiet -v -iprefix /usr/local/arm/bin/../lib/gcc/aarch64-rockchip-linux-gnu/6.4.0/ -isysroot /usr/local/arm/aarch64-rockchip-linux-gnu/sysroot /usr/share/cmake-3.16/Modules/CMakeCCompilerABI.c -quiet -dumpbase CMakeCCompilerABI.c -mcpu=cortex-a35 -mlittle-endian -mabi=lp64 -auxbase-strip CMakeFiles/cmTC_0ba0b.dir/CMakeCCompilerABI.c.o -version -o /tmp/ccNjSd7Y.s]
  ignore line: [GNU C11 (Buildroot 2018.02-rc3-01031-g8654bb7-dirty) version 6.4.0 (aarch64-rockchip-linux-gnu)]
  ignore line: [	compiled by GNU C version 5.4.0 20160609  GMP version 6.1.2  MPFR version 3.1.6  MPC version 1.0.3  isl version none]
  ignore line: [GGC heuristics: --param ggc-min-expand=100 --param ggc-min-heapsize=131072]
  ignore line: [ignoring duplicate directory "/usr/local/arm/bin/../lib/gcc/../../lib/gcc/aarch64-rockchip-linux-gnu/6.4.0/include"]
  ignore line: [ignoring nonexistent directory "/usr/local/arm/aarch64-rockchip-linux-gnu/sysroot/usr/local/include"]
  ignore line: [ignoring duplicate directory "/usr/local/arm/bin/../lib/gcc/../../lib/gcc/aarch64-rockchip-linux-gnu/6.4.0/include-fixed"]
  ignore line: [ignoring duplicate directory "/usr/local/arm/bin/../lib/gcc/../../lib/gcc/aarch64-rockchip-linux-gnu/6.4.0/../../../../aarch64-rockchip-linux-gnu/include"]
  ignore line: [#include "..." search starts here:]
  ignore line: [#include <...> search starts here:]
  ignore line: [ /usr/local/arm/bin/../lib/gcc/aarch64-rockchip-linux-gnu/6.4.0/include]
  ignore line: [ /usr/local/arm/bin/../lib/gcc/aarch64-rockchip-linux-gnu/6.4.0/include-fixed]
  ignore line: [ /usr/local/arm/bin/../lib/gcc/aarch64-rockchip-linux-gnu/6.4.0/../../../../aarch64-rockchip-linux-gnu/include]
  ignore line: [ /usr/local/arm/aarch64-rockchip-linux-gnu/sysroot/usr/include]
  ignore line: [End of search list.]
  ignore line: [GNU C11 (Buildroot 2018.02-rc3-01031-g8654bb7-dirty) version 6.4.0 (aarch64-rockchip-linux-gnu)]
  ignore line: [	compiled by GNU C version 5.4.0 20160609  GMP version 6.1.2  MPFR version 3.1.6  MPC version 1.0.3  isl version none]
  ignore line: [GGC heuristics: --param ggc-min-expand=100 --param ggc-min-heapsize=131072]
  ignore line: [Compiler executable checksum: e2e82278401a82816c75999c0c8db8e5]
  ignore line: [COLLECT_GCC_OPTIONS='-v' '-o' 'CMakeFiles/cmTC_0ba0b.dir/CMakeCCompilerABI.c.o' '-c' '-mcpu=cortex-a35' '-mlittle-endian' '-mabi=lp64']
  ignore line: [ /usr/local/arm/bin/../lib/gcc/aarch64-rockchip-linux-gnu/6.4.0/../../../../aarch64-rockchip-linux-gnu/bin/as -v -EL -march=armv8-a+crc -mabi=lp64 -o CMakeFiles/cmTC_0ba0b.dir/CMakeCCompilerABI.c.o /tmp/ccNjSd7Y.s]
  ignore line: [GNU assembler version 2.29.1 (aarch64-rockchip-linux-gnu) using BFD version (GNU Binutils) 2.29.1]
  ignore line: [COMPILER_PATH=/usr/local/arm/bin/../libexec/gcc/aarch64-rockchip-linux-gnu/6.4.0/:/usr/local/arm/bin/../libexec/gcc/:/usr/local/arm/bin/../lib/gcc/aarch64-rockchip-linux-gnu/6.4.0/../../../../aarch64-rockchip-linux-gnu/bin/]
  ignore line: [LIBRARY_PATH=/usr/local/arm/bin/../lib/gcc/aarch64-rockchip-linux-gnu/6.4.0/:/usr/local/arm/bin/../lib/gcc/:/usr/local/arm/bin/../lib/gcc/aarch64-rockchip-linux-gnu/6.4.0/../../../../aarch64-rockchip-linux-gnu/lib/../lib64/:/usr/local/arm/aarch64-rockchip-linux-gnu/sysroot/lib/../lib64/:/usr/local/arm/aarch64-rockchip-linux-gnu/sysroot/usr/lib/../lib64/:/usr/local/arm/bin/../lib/gcc/aarch64-rockchip-linux-gnu/6.4.0/../../../../aarch64-rockchip-linux-gnu/lib/:/usr/local/arm/aarch64-rockchip-linux-gnu/sysroot/lib/:/usr/local/arm/aarch64-rockchip-linux-gnu/sysroot/usr/lib/]
  ignore line: [COLLECT_GCC_OPTIONS='-v' '-o' 'CMakeFiles/cmTC_0ba0b.dir/CMakeCCompilerABI.c.o' '-c' '-mcpu=cortex-a35' '-mlittle-endian' '-mabi=lp64']
  ignore line: [Linking C executable cmTC_0ba0b]
  ignore line: [/usr/bin/cmake -E cmake_link_script CMakeFiles/cmTC_0ba0b.dir/link.txt --verbose=1]
  ignore line: [/usr/local/arm/bin/aarch64-linux-gcc     -v CMakeFiles/cmTC_0ba0b.dir/CMakeCCompilerABI.c.o  -o cmTC_0ba0b ]
  ignore line: [Using built-in specs.]
  ignore line: [COLLECT_GCC=/usr/local/arm/bin/aarch64-linux-gcc.br_real]
  ignore line: [COLLECT_LTO_WRAPPER=/usr/local/arm/bin/../libexec/gcc/aarch64-rockchip-linux-gnu/6.4.0/lto-wrapper]
  ignore line: [Target: aarch64-rockchip-linux-gnu]
  ignore line: [Configured with: ./configure --prefix=/home/andy/rk3308b/sail_rk3308_linux_release_v1.5.2_20220124_biandai/buildroot/output/rk3308b_biandai_release/host --sysconfdir=/home/andy/rk3308b/sail_rk3308_linux_release_v1.5.2_20220124_biandai/buildroot/output/rk3308b_biandai_release/host/etc --enable-static --target=aarch64-rockchip-linux-gnu --with-sysroot=/home/andy/rk3308b/sail_rk3308_linux_release_v1.5.2_20220124_biandai/buildroot/output/rk3308b_biandai_release/host/aarch64-rockchip-linux-gnu/sysroot --disable-__cxa_atexit --with-gnu-ld --disable-libssp --disable-multilib --with-gmp=/home/andy/rk3308b/sail_rk3308_linux_release_v1.5.2_20220124_biandai/buildroot/output/rk3308b_biandai_release/host --with-mpc=/home/andy/rk3308b/sail_rk3308_linux_release_v1.5.2_20220124_biandai/buildroot/output/rk3308b_biandai_release/host --with-mpfr=/home/andy/rk3308b/sail_rk3308_linux_release_v1.5.2_20220124_biandai/buildroot/output/rk3308b_biandai_release/host --with-pkgversion='Buildroot 2018.02-rc3-01031-g8654bb7-dirty' --with-bugurl=http://bugs.buildroot.net/ --disable-libquadmath --enable-tls --disable-libmudflap --enable-threads --without-isl --without-cloog --disable-decimal-float --with-abi=lp64 --with-cpu=cortex-a35 --enable-languages=c,c++ --with-build-time-tools=/home/andy/rk3308b/sail_rk3308_linux_release_v1.5.2_20220124_biandai/buildroot/output/rk3308b_biandai_release/host/aarch64-rockchip-linux-gnu/bin --enable-shared --enable-libgomp]
  ignore line: [Thread model: posix]
  ignore line: [gcc version 6.4.0 (Buildroot 2018.02-rc3-01031-g8654bb7-dirty) ]
  ignore line: [COMPILER_PATH=/usr/local/arm/bin/../libexec/gcc/aarch64-rockchip-linux-gnu/6.4.0/:/usr/local/arm/bin/../libexec/gcc/:/usr/local/arm/bin/../lib/gcc/aarch64-rockchip-linux-gnu/6.4.0/../../../../aarch64-rockchip-linux-gnu/bin/]
  ignore line: [LIBRARY_PATH=/usr/local/arm/bin/../lib/gcc/aarch64-rockchip-linux-gnu/6.4.0/:/usr/local/arm/bin/../lib/gcc/:/usr/local/arm/bin/../lib/gcc/aarch64-rockchip-linux-gnu/6.4.0/../../../../aarch64-rockchip-linux-gnu/lib/../lib64/:/usr/local/arm/aarch64-rockchip-linux-gnu/sysroot/lib/../lib64/:/usr/local/arm/aarch64-rockchip-linux-gnu/sysroot/usr/lib/../lib64/:/usr/local/arm/bin/../lib/gcc/aarch64-rockchip-linux-gnu/6.4.0/../../../../aarch64-rockchip-linux-gnu/lib/:/usr/local/arm/aarch64-rockchip-linux-gnu/sysroot/lib/:/usr/local/arm/aarch64-rockchip-linux-gnu/sysroot/usr/lib/]
  ignore line: [COLLECT_GCC_OPTIONS='-v' '-o' 'cmTC_0ba0b' '-mcpu=cortex-a35' '-mlittle-endian' '-mabi=lp64']
  link line: [ /usr/local/arm/bin/../libexec/gcc/aarch64-rockchip-linux-gnu/6.4.0/collect2 -plugin /usr/local/arm/bin/../libexec/gcc/aarch64-rockchip-linux-gnu/6.4.0/liblto_plugin.so -plugin-opt=/usr/local/arm/bin/../libexec/gcc/aarch64-rockchip-linux-gnu/6.4.0/lto-wrapper -plugin-opt=-fresolution=/tmp/ccJ7naqp.res -plugin-opt=-pass-through=-lgcc -plugin-opt=-pass-through=-lgcc_s -plugin-opt=-pass-through=-lc -plugin-opt=-pass-through=-lgcc -plugin-opt=-pass-through=-lgcc_s --sysroot=/usr/local/arm/aarch64-rockchip-linux-gnu/sysroot --eh-frame-hdr -dynamic-linker /lib/ld-linux-aarch64.so.1 -X -EL -maarch64linux -o cmTC_0ba0b /usr/local/arm/aarch64-rockchip-linux-gnu/sysroot/lib/../lib64/crt1.o /usr/local/arm/aarch64-rockchip-linux-gnu/sysroot/lib/../lib64/crti.o /usr/local/arm/bin/../lib/gcc/aarch64-rockchip-linux-gnu/6.4.0/crtbegin.o -L/usr/local/arm/bin/../lib/gcc/aarch64-rockchip-linux-gnu/6.4.0 -L/usr/local/arm/bin/../lib/gcc -L/usr/local/arm/bin/../lib/gcc/aarch64-rockchip-linux-gnu/6.4.0/../../../../aarch64-rockchip-linux-gnu/lib/../lib64 -L/usr/local/arm/aarch64-rockchip-linux-gnu/sysroot/lib/../lib64 -L/usr/local/arm/aarch64-rockchip-linux-gnu/sysroot/usr/lib/../lib64 -L/usr/local/arm/bin/../lib/gcc/aarch64-rockchip-linux-gnu/6.4.0/../../../../aarch64-rockchip-linux-gnu/lib -L/usr/local/arm/aarch64-rockchip-linux-gnu/sysroot/lib -L/usr/local/arm/aarch64-rockchip-linux-gnu/sysroot/usr/lib CMakeFiles/cmTC_0ba0b.dir/CMakeCCompilerABI.c.o -lgcc --as-needed -lgcc_s --no-as-needed -lc -lgcc --as-needed -lgcc_s --no-as-needed /usr/local/arm/bin/../lib/gcc/aarch64-rockchip-linux-gnu/6.4.0/crtend.o /usr/local/arm/aarch64-rockchip-linux-gnu/sysroot/lib/../lib64/crtn.o]
    arg [/usr/local/arm/bin/../libexec/gcc/aarch64-rockchip-linux-gnu/6.4.0/collect2] ==> ignore
    arg [-plugin] ==> ignore
    arg [/usr/local/arm/bin/../libexec/gcc/aarch64-rockchip-linux-gnu/6.4.0/liblto_plugin.so] ==> ignore
    arg [-plugin-opt=/usr/local/arm/bin/../libexec/gcc/aarch64-rockchip-linux-gnu/6.4.0/lto-wrapper] ==> ignore
    arg [-plugin-opt=-fresolution=/tmp/ccJ7naqp.res] ==> ignore
    arg [-plugin-opt=-pass-through=-lgcc] ==> ignore
    arg [-plugin-opt=-pass-through=-lgcc_s] ==> ignore
    arg [-plugin-opt=-pass-through=-lc] ==> ignore
    arg [-plugin-opt=-pass-through=-lgcc] ==> ignore
    arg [-plugin-opt=-pass-through=-lgcc_s] ==> ignore
    arg [--sysroot=/usr/local/arm/aarch64-rockchip-linux-gnu/sysroot] ==> ignore
    arg [--eh-frame-hdr] ==> ignore
    arg [-dynamic-linker] ==> ignore
    arg [/lib/ld-linux-aarch64.so.1] ==> ignore
    arg [-X] ==> ignore
    arg [-EL] ==> ignore
    arg [-maarch64linux] ==> ignore
    arg [-o] ==> ignore
    arg [cmTC_0ba0b] ==> ignore
    arg [/usr/local/arm/aarch64-rockchip-linux-gnu/sysroot/lib/../lib64/crt1.o] ==> ignore
    arg [/usr/local/arm/aarch64-rockchip-linux-gnu/sysroot/lib/../lib64/crti.o] ==> ignore
    arg [/usr/local/arm/bin/../lib/gcc/aarch64-rockchip-linux-gnu/6.4.0/crtbegin.o] ==> ignore
    arg [-L/usr/local/arm/bin/../lib/gcc/aarch64-rockchip-linux-gnu/6.4.0] ==> dir [/usr/local/arm/bin/../lib/gcc/aarch64-rockchip-linux-gnu/6.4.0]
    arg [-L/usr/local/arm/bin/../lib/gcc] ==> dir [/usr/local/arm/bin/../lib/gcc]
    arg [-L/usr/local/arm/bin/../lib/gcc/aarch64-rockchip-linux-gnu/6.4.0/../../../../aarch64-rockchip-linux-gnu/lib/../lib64] ==> dir [/usr/local/arm/bin/../lib/gcc/aarch64-rockchip-linux-gnu/6.4.0/../../../../aarch64-rockchip-linux-gnu/lib/../lib64]
    arg [-L/usr/local/arm/aarch64-rockchip-linux-gnu/sysroot/lib/../lib64] ==> dir [/usr/local/arm/aarch64-rockchip-linux-gnu/sysroot/lib/../lib64]
    arg [-L/usr/local/arm/aarch64-rockchip-linux-gnu/sysroot/usr/lib/../lib64] ==> dir [/usr/local/arm/aarch64-rockchip-linux-gnu/sysroot/usr/lib/../lib64]
    arg [-L/usr/local/arm/bin/../lib/gcc/aarch64-rockchip-linux-gnu/6.4.0/../../../../aarch64-rockchip-linux-gnu/lib] ==> dir [/usr/local/arm/bin/../lib/gcc/aarch64-rockchip-linux-gnu/6.4.0/../../../../aarch64-rockchip-linux-gnu/lib]
    arg [-L/usr/local/arm/aarch64-rockchip-linux-gnu/sysroot/lib] ==> dir [/usr/local/arm/aarch64-rockchip-linux-gnu/sysroot/lib]
    arg [-L/usr/local/arm/aarch64-rockchip-linux-gnu/sysroot/usr/lib] ==> dir [/usr/local/arm/aarch64-rockchip-linux-gnu/sysroot/usr/lib]
    arg [CMakeFiles/cmTC_0ba0b.dir/CMakeCCompilerABI.c.o] ==> ignore
    arg [-lgcc] ==> lib [gcc]
    arg [--as-needed] ==> ignore
    arg [-lgcc_s] ==> lib [gcc_s]
    arg [--no-as-needed] ==> ignore
    arg [-lc] ==> lib [c]
    arg [-lgcc] ==> lib [gcc]
    arg [--as-needed] ==> ignore
    arg [-lgcc_s] ==> lib [gcc_s]
    arg [--no-as-needed] ==> ignore
    arg [/usr/local/arm/bin/../lib/gcc/aarch64-rockchip-linux-gnu/6.4.0/crtend.o] ==> ignore
    arg [/usr/local/arm/aarch64-rockchip-linux-gnu/sysroot/lib/../lib64/crtn.o] ==> ignore
  collapse library dir [/usr/local/arm/bin/../lib/gcc/aarch64-rockchip-linux-gnu/6.4.0] ==> [/usr/local/arm/lib/gcc/aarch64-rockchip-linux-gnu/6.4.0]
  collapse library dir [/usr/local/arm/bin/../lib/gcc] ==> [/usr/local/arm/lib/gcc]
  collapse library dir [/usr/local/arm/bin/../lib/gcc/aarch64-rockchip-linux-gnu/6.4.0/../../../../aarch64-rockchip-linux-gnu/lib/../lib64] ==> [/usr/local/arm/aarch64-rockchip-linux-gnu/lib64]
  collapse library dir [/usr/local/arm/aarch64-rockchip-linux-gnu/sysroot/lib/../lib64] ==> [/usr/local/arm/aarch64-rockchip-linux-gnu/sysroot/lib64]
  collapse library dir [/usr/local/arm/aarch64-rockchip-linux-gnu/sysroot/usr/lib/../lib64] ==> [/usr/local/arm/aarch64-rockchip-linux-gnu/sysroot/usr/lib64]
  collapse library dir [/usr/local/arm/bin/../lib/gcc/aarch64-rockchip-linux-gnu/6.4.0/../../../../aarch64-rockchip-linux-gnu/lib] ==> [/usr/local/arm/aarch64-rockchip-linux-gnu/lib]
  collapse library dir [/usr/local/arm/aarch64-rockchip-linux-gnu/sysroot/lib] ==> [/usr/local/arm/aarch64-rockchip-linux-gnu/sysroot/lib]
  collapse library dir [/usr/local/arm/aarch64-rockchip-linux-gnu/sysroot/usr/lib] ==> [/usr/local/arm/aarch64-rockchip-linux-gnu/sysroot/usr/lib]
  implicit libs: [gcc;gcc_s;c;gcc;gcc_s]
  implicit dirs: [/usr/local/arm/lib/gcc/aarch64-rockchip-linux-gnu/6.4.0;/usr/local/arm/lib/gcc;/usr/local/arm/aarch64-rockchip-linux-gnu/lib64;/usr/local/arm/aarch64-rockchip-linux-gnu/sysroot/lib64;/usr/local/arm/aarch64-rockchip-linux-gnu/sysroot/usr/lib64;/usr/local/arm/aarch64-rockchip-linux-gnu/lib;/usr/local/arm/aarch64-rockchip-linux-gnu/sysroot/lib;/usr/local/arm/aarch64-rockchip-linux-gnu/sysroot/usr/lib]
  implicit fwks: []


Determining if the CXX compiler works passed with the following output:
Change Dir: /home/ubu/code/mqtt/out/build/linux_arm64/CMakeFiles/CMakeTmp

Run Build Command(s):/usr/bin/make cmTC_e7c9f/fast && /usr/bin/make -f CMakeFiles/cmTC_e7c9f.dir/build.make CMakeFiles/cmTC_e7c9f.dir/build
make[1]: 进入目录“/home/ubu/code/mqtt/out/build/linux_arm64/CMakeFiles/CMakeTmp”
Building CXX object CMakeFiles/cmTC_e7c9f.dir/testCXXCompiler.cxx.o
/usr/local/arm/bin/aarch64-linux-g++     -o CMakeFiles/cmTC_e7c9f.dir/testCXXCompiler.cxx.o -c /home/ubu/code/mqtt/out/build/linux_arm64/CMakeFiles/CMakeTmp/testCXXCompiler.cxx
Linking CXX executable cmTC_e7c9f
/usr/bin/cmake -E cmake_link_script CMakeFiles/cmTC_e7c9f.dir/link.txt --verbose=1
/usr/local/arm/bin/aarch64-linux-g++       CMakeFiles/cmTC_e7c9f.dir/testCXXCompiler.cxx.o  -o cmTC_e7c9f 
make[1]: 离开目录“/home/ubu/code/mqtt/out/build/linux_arm64/CMakeFiles/CMakeTmp”



Detecting CXX compiler ABI info compiled with the following output:
Change Dir: /home/ubu/code/mqtt/out/build/linux_arm64/CMakeFiles/CMakeTmp

Run Build Command(s):/usr/bin/make cmTC_714d6/fast && /usr/bin/make -f CMakeFiles/cmTC_714d6.dir/build.make CMakeFiles/cmTC_714d6.dir/build
make[1]: Entering directory '/home/ubu/code/mqtt/out/build/linux_arm64/CMakeFiles/CMakeTmp'
Building CXX object CMakeFiles/cmTC_714d6.dir/CMakeCXXCompilerABI.cpp.o
/usr/local/arm/bin/aarch64-linux-g++    -v -o CMakeFiles/cmTC_714d6.dir/CMakeCXXCompilerABI.cpp.o -c /usr/share/cmake-3.16/Modules/CMakeCXXCompilerABI.cpp
Using built-in specs.
COLLECT_GCC=/usr/local/arm/bin/aarch64-linux-g++.br_real
Target: aarch64-rockchip-linux-gnu
Configured with: ./configure --prefix=/home/andy/rk3308b/sail_rk3308_linux_release_v1.5.2_20220124_biandai/buildroot/output/rk3308b_biandai_release/host --sysconfdir=/home/andy/rk3308b/sail_rk3308_linux_release_v1.5.2_20220124_biandai/buildroot/output/rk3308b_biandai_release/host/etc --enable-static --target=aarch64-rockchip-linux-gnu --with-sysroot=/home/andy/rk3308b/sail_rk3308_linux_release_v1.5.2_20220124_biandai/buildroot/output/rk3308b_biandai_release/host/aarch64-rockchip-linux-gnu/sysroot --disable-__cxa_atexit --with-gnu-ld --disable-libssp --disable-multilib --with-gmp=/home/andy/rk3308b/sail_rk3308_linux_release_v1.5.2_20220124_biandai/buildroot/output/rk3308b_biandai_release/host --with-mpc=/home/andy/rk3308b/sail_rk3308_linux_release_v1.5.2_20220124_biandai/buildroot/output/rk3308b_biandai_release/host --with-mpfr=/home/andy/rk3308b/sail_rk3308_linux_release_v1.5.2_20220124_biandai/buildroot/output/rk3308b_biandai_release/host --with-pkgversion='Buildroot 2018.02-rc3-01031-g8654bb7-dirty' --with-bugurl=http://bugs.buildroot.net/ --disable-libquadmath --enable-tls --disable-libmudflap --enable-threads --without-isl --without-cloog --disable-decimal-float --with-abi=lp64 --with-cpu=cortex-a35 --enable-languages=c,c++ --with-build-time-tools=/home/andy/rk3308b/sail_rk3308_linux_release_v1.5.2_20220124_biandai/buildroot/output/rk3308b_biandai_release/host/aarch64-rockchip-linux-gnu/bin --enable-shared --enable-libgomp
Thread model: posix
gcc version 6.4.0 (Buildroot 2018.02-rc3-01031-g8654bb7-dirty) 
COLLECT_GCC_OPTIONS='-v' '-o' 'CMakeFiles/cmTC_714d6.dir/CMakeCXXCompilerABI.cpp.o' '-c' '-shared-libgcc' '-mcpu=cortex-a35' '-mlittle-endian' '-mabi=lp64'
 /usr/local/arm/bin/../libexec/gcc/aarch64-rockchip-linux-gnu/6.4.0/cc1plus -quiet -v -iprefix /usr/local/arm/bin/../lib/gcc/aarch64-rockchip-linux-gnu/6.4.0/ -isysroot /usr/local/arm/aarch64-rockchip-linux-gnu/sysroot -D_GNU_SOURCE /usr/share/cmake-3.16/Modules/CMakeCXXCompilerABI.cpp -quiet -dumpbase CMakeCXXCompilerABI.cpp -mcpu=cortex-a35 -mlittle-endian -mabi=lp64 -auxbase-strip CMakeFiles/cmTC_714d6.dir/CMakeCXXCompilerABI.cpp.o -version -o /tmp/ccpGqoMV.s
GNU C++14 (Buildroot 2018.02-rc3-01031-g8654bb7-dirty) version 6.4.0 (aarch64-rockchip-linux-gnu)
	compiled by GNU C version 5.4.0 20160609, GMP version 6.1.2, MPFR version 3.1.6, MPC version 1.0.3, isl version none
GGC heuristics: --param ggc-min-expand=100 --param ggc-min-heapsize=131072
ignoring duplicate directory "/usr/local/arm/bin/../lib/gcc/../../lib/gcc/aarch64-rockchip-linux-gnu/6.4.0/../../../../aarch64-rockchip-linux-gnu/include/c++/6.4.0"
ignoring duplicate directory "/usr/local/arm/bin/../lib/gcc/../../lib/gcc/aarch64-rockchip-linux-gnu/6.4.0/../../../../aarch64-rockchip-linux-gnu/include/c++/6.4.0/aarch64-rockchip-linux-gnu"
ignoring duplicate directory "/usr/local/arm/bin/../lib/gcc/../../lib/gcc/aarch64-rockchip-linux-gnu/6.4.0/../../../../aarch64-rockchip-linux-gnu/include/c++/6.4.0/backward"
ignoring duplicate directory "/usr/local/arm/bin/../lib/gcc/../../lib/gcc/aarch64-rockchip-linux-gnu/6.4.0/include"
ignoring nonexistent directory "/usr/local/arm/aarch64-rockchip-linux-gnu/sysroot/usr/local/include"
ignoring duplicate directory "/usr/local/arm/bin/../lib/gcc/../../lib/gcc/aarch64-rockchip-linux-gnu/6.4.0/include-fixed"
ignoring duplicate directory "/usr/local/arm/bin/../lib/gcc/../../lib/gcc/aarch64-rockchip-linux-gnu/6.4.0/../../../../aarch64-rockchip-linux-gnu/include"
#include "..." search starts here:
#include <...> search starts here:
 /usr/local/arm/bin/../lib/gcc/aarch64-rockchip-linux-gnu/6.4.0/../../../../aarch64-rockchip-linux-gnu/include/c++/6.4.0
 /usr/local/arm/bin/../lib/gcc/aarch64-rockchip-linux-gnu/6.4.0/../../../../aarch64-rockchip-linux-gnu/include/c++/6.4.0/aarch64-rockchip-linux-gnu
 /usr/local/arm/bin/../lib/gcc/aarch64-rockchip-linux-gnu/6.4.0/../../../../aarch64-rockchip-linux-gnu/include/c++/6.4.0/backward
 /usr/local/arm/bin/../lib/gcc/aarch64-rockchip-linux-gnu/6.4.0/include
 /usr/local/arm/bin/../lib/gcc/aarch64-rockchip-linux-gnu/6.4.0/include-fixed
 /usr/local/arm/bin/../lib/gcc/aarch64-rockchip-linux-gnu/6.4.0/../../../../aarch64-rockchip-linux-gnu/include
 /usr/local/arm/aarch64-rockchip-linux-gnu/sysroot/usr/include
End of search list.
GNU C++14 (Buildroot 2018.02-rc3-01031-g8654bb7-dirty) version 6.4.0 (aarch64-rockchip-linux-gnu)
	compiled by GNU C version 5.4.0 20160609, GMP version 6.1.2, MPFR version 3.1.6, MPC version 1.0.3, isl version none
GGC heuristics: --param ggc-min-expand=100 --param ggc-min-heapsize=131072
Compiler executable checksum: b200731b587e13f7d3c76ad489bbee94
COLLECT_GCC_OPTIONS='-v' '-o' 'CMakeFiles/cmTC_714d6.dir/CMakeCXXCompilerABI.cpp.o' '-c' '-shared-libgcc' '-mcpu=cortex-a35' '-mlittle-endian' '-mabi=lp64'
 /usr/local/arm/bin/../lib/gcc/aarch64-rockchip-linux-gnu/6.4.0/../../../../aarch64-rockchip-linux-gnu/bin/as -v -EL -march=armv8-a+crc -mabi=lp64 -o CMakeFiles/cmTC_714d6.dir/CMakeCXXCompilerABI.cpp.o /tmp/ccpGqoMV.s
GNU assembler version 2.29.1 (aarch64-rockchip-linux-gnu) using BFD version (GNU Binutils) 2.29.1
COMPILER_PATH=/usr/local/arm/bin/../libexec/gcc/aarch64-rockchip-linux-gnu/6.4.0/:/usr/local/arm/bin/../libexec/gcc/:/usr/local/arm/bin/../lib/gcc/aarch64-rockchip-linux-gnu/6.4.0/../../../../aarch64-rockchip-linux-gnu/bin/
LIBRARY_PATH=/usr/local/arm/bin/../lib/gcc/aarch64-rockchip-linux-gnu/6.4.0/:/usr/local/arm/bin/../lib/gcc/:/usr/local/arm/bin/../lib/gcc/aarch64-rockchip-linux-gnu/6.4.0/../../../../aarch64-rockchip-linux-gnu/lib/../lib64/:/usr/local/arm/aarch64-rockchip-linux-gnu/sysroot/lib/../lib64/:/usr/local/arm/aarch64-rockchip-linux-gnu/sysroot/usr/lib/../lib64/:/usr/local/arm/bin/../lib/gcc/aarch64-rockchip-linux-gnu/6.4.0/../../../../aarch64-rockchip-linux-gnu/lib/:/usr/local/arm/aarch64-rockchip-linux-gnu/sysroot/lib/:/usr/local/arm/aarch64-rockchip-linux-gnu/sysroot/usr/lib/
COLLECT_GCC_OPTIONS='-v' '-o' 'CMakeFiles/cmTC_714d6.dir/CMakeCXXCompilerABI.cpp.o' '-c' '-shared-libgcc' '-mcpu=cortex-a35' '-mlittle-endian' '-mabi=lp64'
Linking CXX executable cmTC_714d6
/usr/bin/cmake -E cmake_link_script CMakeFiles/cmTC_714d6.dir/link.txt --verbose=1
/usr/local/arm/bin/aarch64-linux-g++      -v CMakeFiles/cmTC_714d6.dir/CMakeCXXCompilerABI.cpp.o  -o cmTC_714d6 
Using built-in specs.
COLLECT_GCC=/usr/local/arm/bin/aarch64-linux-g++.br_real
COLLECT_LTO_WRAPPER=/usr/local/arm/bin/../libexec/gcc/aarch64-rockchip-linux-gnu/6.4.0/lto-wrapper
Target: aarch64-rockchip-linux-gnu
Configured with: ./configure --prefix=/home/andy/rk3308b/sail_rk3308_linux_release_v1.5.2_20220124_biandai/buildroot/output/rk3308b_biandai_release/host --sysconfdir=/home/andy/rk3308b/sail_rk3308_linux_release_v1.5.2_20220124_biandai/buildroot/output/rk3308b_biandai_release/host/etc --enable-static --target=aarch64-rockchip-linux-gnu --with-sysroot=/home/andy/rk3308b/sail_rk3308_linux_release_v1.5.2_20220124_biandai/buildroot/output/rk3308b_biandai_release/host/aarch64-rockchip-linux-gnu/sysroot --disable-__cxa_atexit --with-gnu-ld --disable-libssp --disable-multilib --with-gmp=/home/andy/rk3308b/sail_rk3308_linux_release_v1.5.2_20220124_biandai/buildroot/output/rk3308b_biandai_release/host --with-mpc=/home/andy/rk3308b/sail_rk3308_linux_release_v1.5.2_20220124_biandai/buildroot/output/rk3308b_biandai_release/host --with-mpfr=/home/andy/rk3308b/sail_rk3308_linux_release_v1.5.2_20220124_biandai/buildroot/output/rk3308b_biandai_release/host --with-pkgversion='Buildroot 2018.02-rc3-01031-g8654bb7-dirty' --with-bugurl=http://bugs.buildroot.net/ --disable-libquadmath --enable-tls --disable-libmudflap --enable-threads --without-isl --without-cloog --disable-decimal-float --with-abi=lp64 --with-cpu=cortex-a35 --enable-languages=c,c++ --with-build-time-tools=/home/andy/rk3308b/sail_rk3308_linux_release_v1.5.2_20220124_biandai/buildroot/output/rk3308b_biandai_release/host/aarch64-rockchip-linux-gnu/bin --enable-shared --enable-libgomp
Thread model: posix
gcc version 6.4.0 (Buildroot 2018.02-rc3-01031-g8654bb7-dirty) 
COMPILER_PATH=/usr/local/arm/bin/../libexec/gcc/aarch64-rockchip-linux-gnu/6.4.0/:/usr/local/arm/bin/../libexec/gcc/:/usr/local/arm/bin/../lib/gcc/aarch64-rockchip-linux-gnu/6.4.0/../../../../aarch64-rockchip-linux-gnu/bin/
LIBRARY_PATH=/usr/local/arm/bin/../lib/gcc/aarch64-rockchip-linux-gnu/6.4.0/:/usr/local/arm/bin/../lib/gcc/:/usr/local/arm/bin/../lib/gcc/aarch64-rockchip-linux-gnu/6.4.0/../../../../aarch64-rockchip-linux-gnu/lib/../lib64/:/usr/local/arm/aarch64-rockchip-linux-gnu/sysroot/lib/../lib64/:/usr/local/arm/aarch64-rockchip-linux-gnu/sysroot/usr/lib/../lib64/:/usr/local/arm/bin/../lib/gcc/aarch64-rockchip-linux-gnu/6.4.0/../../../../aarch64-rockchip-linux-gnu/lib/:/usr/local/arm/aarch64-rockchip-linux-gnu/sysroot/lib/:/usr/local/arm/aarch64-rockchip-linux-gnu/sysroot/usr/lib/
COLLECT_GCC_OPTIONS='-v' '-o' 'cmTC_714d6' '-shared-libgcc' '-mcpu=cortex-a35' '-mlittle-endian' '-mabi=lp64'
 /usr/local/arm/bin/../libexec/gcc/aarch64-rockchip-linux-gnu/6.4.0/collect2 -plugin /usr/local/arm/bin/../libexec/gcc/aarch64-rockchip-linux-gnu/6.4.0/liblto_plugin.so -plugin-opt=/usr/local/arm/bin/../libexec/gcc/aarch64-rockchip-linux-gnu/6.4.0/lto-wrapper -plugin-opt=-fresolution=/tmp/ccwWZrPq.res -plugin-opt=-pass-through=-lgcc_s -plugin-opt=-pass-through=-lgcc -plugin-opt=-pass-through=-lc -plugin-opt=-pass-through=-lgcc_s -plugin-opt=-pass-through=-lgcc --sysroot=/usr/local/arm/aarch64-rockchip-linux-gnu/sysroot --eh-frame-hdr -dynamic-linker /lib/ld-linux-aarch64.so.1 -X -EL -maarch64linux -o cmTC_714d6 /usr/local/arm/aarch64-rockchip-linux-gnu/sysroot/lib/../lib64/crt1.o /usr/local/arm/aarch64-rockchip-linux-gnu/sysroot/lib/../lib64/crti.o /usr/local/arm/bin/../lib/gcc/aarch64-rockchip-linux-gnu/6.4.0/crtbegin.o -L/usr/local/arm/bin/../lib/gcc/aarch64-rockchip-linux-gnu/6.4.0 -L/usr/local/arm/bin/../lib/gcc -L/usr/local/arm/bin/../lib/gcc/aarch64-rockchip-linux-gnu/6.4.0/../../../../aarch64-rockchip-linux-gnu/lib/../lib64 -L/usr/local/arm/aarch64-rockchip-linux-gnu/sysroot/lib/../lib64 -L/usr/local/arm/aarch64-rockchip-linux-gnu/sysroot/usr/lib/../lib64 -L/usr/local/arm/bin/../lib/gcc/aarch64-rockchip-linux-gnu/6.4.0/../../../../aarch64-rockchip-linux-gnu/lib -L/usr/local/arm/aarch64-rockchip-linux-gnu/sysroot/lib -L/usr/local/arm/aarch64-rockchip-linux-gnu/sysroot/usr/lib CMakeFiles/cmTC_714d6.dir/CMakeCXXCompilerABI.cpp.o -lstdc++ -lm -lgcc_s -lgcc -lc -lgcc_s -lgcc /usr/local/arm/bin/../lib/gcc/aarch64-rockchip-linux-gnu/6.4.0/crtend.o /usr/local/arm/aarch64-rockchip-linux-gnu/sysroot/lib/../lib64/crtn.o
COLLECT_GCC_OPTIONS='-v' '-o' 'cmTC_714d6' '-shared-libgcc' '-mcpu=cortex-a35' '-mlittle-endian' '-mabi=lp64'
make[1]: Leaving directory '/home/ubu/code/mqtt/out/build/linux_arm64/CMakeFiles/CMakeTmp'



Parsed CXX implicit include dir info from above output: rv=done
  found start of include info
  found start of implicit include info
    add: [/usr/local/arm/bin/../lib/gcc/aarch64-rockchip-linux-gnu/6.4.0/../../../../aarch64-rockchip-linux-gnu/include/c++/6.4.0]
    add: [/usr/local/arm/bin/../lib/gcc/aarch64-rockchip-linux-gnu/6.4.0/../../../../aarch64-rockchip-linux-gnu/include/c++/6.4.0/aarch64-rockchip-linux-gnu]
    add: [/usr/local/arm/bin/../lib/gcc/aarch64-rockchip-linux-gnu/6.4.0/../../../../aarch64-rockchip-linux-gnu/include/c++/6.4.0/backward]
    add: [/usr/local/arm/bin/../lib/gcc/aarch64-rockchip-linux-gnu/6.4.0/include]
    add: [/usr/local/arm/bin/../lib/gcc/aarch64-rockchip-linux-gnu/6.4.0/include-fixed]
    add: [/usr/local/arm/bin/../lib/gcc/aarch64-rockchip-linux-gnu/6.4.0/../../../../aarch64-rockchip-linux-gnu/include]
    add: [/usr/local/arm/aarch64-rockchip-linux-gnu/sysroot/usr/include]
  end of search list found
  collapse include dir [/usr/local/arm/bin/../lib/gcc/aarch64-rockchip-linux-gnu/6.4.0/../../../../aarch64-rockchip-linux-gnu/include/c++/6.4.0] ==> [/usr/local/arm/aarch64-rockchip-linux-gnu/include/c++/6.4.0]
  collapse include dir [/usr/local/arm/bin/../lib/gcc/aarch64-rockchip-linux-gnu/6.4.0/../../../../aarch64-rockchip-linux-gnu/include/c++/6.4.0/aarch64-rockchip-linux-gnu] ==> [/usr/local/arm/aarch64-rockchip-linux-gnu/include/c++/6.4.0/aarch64-rockchip-linux-gnu]
  collapse include dir [/usr/local/arm/bin/../lib/gcc/aarch64-rockchip-linux-gnu/6.4.0/../../../../aarch64-rockchip-linux-gnu/include/c++/6.4.0/backward] ==> [/usr/local/arm/aarch64-rockchip-linux-gnu/include/c++/6.4.0/backward]
  collapse include dir [/usr/local/arm/bin/../lib/gcc/aarch64-rockchip-linux-gnu/6.4.0/include] ==> [/usr/local/arm/lib/gcc/aarch64-rockchip-linux-gnu/6.4.0/include]
  collapse include dir [/usr/local/arm/bin/../lib/gcc/aarch64-rockchip-linux-gnu/6.4.0/include-fixed] ==> [/usr/local/arm/lib/gcc/aarch64-rockchip-linux-gnu/6.4.0/include-fixed]
  collapse include dir [/usr/local/arm/bin/../lib/gcc/aarch64-rockchip-linux-gnu/6.4.0/../../../../aarch64-rockchip-linux-gnu/include] ==> [/usr/local/arm/aarch64-rockchip-linux-gnu/include]
  collapse include dir [/usr/local/arm/aarch64-rockchip-linux-gnu/sysroot/usr/include] ==> [/usr/local/arm/aarch64-rockchip-linux-gnu/sysroot/usr/include]
  implicit include dirs: [/usr/local/arm/aarch64-rockchip-linux-gnu/include/c++/6.4.0;/usr/local/arm/aarch64-rockchip-linux-gnu/include/c++/6.4.0/aarch64-rockchip-linux-gnu;/usr/local/arm/aarch64-rockchip-linux-gnu/include/c++/6.4.0/backward;/usr/local/arm/lib/gcc/aarch64-rockchip-linux-gnu/6.4.0/include;/usr/local/arm/lib/gcc/aarch64-rockchip-linux-gnu/6.4.0/include-fixed;/usr/local/arm/aarch64-rockchip-linux-gnu/include;/usr/local/arm/aarch64-rockchip-linux-gnu/sysroot/usr/include]


Parsed CXX implicit link information from above output:
  link line regex: [^( *|.*[/\])(ld|CMAKE_LINK_STARTFILE-NOTFOUND|([^/\]+-)?ld|collect2)[^/\]*( |$)]
  ignore line: [Change Dir: /home/ubu/code/mqtt/out/build/linux_arm64/CMakeFiles/CMakeTmp]
  ignore line: []
  ignore line: [Run Build Command(s):/usr/bin/make cmTC_714d6/fast && /usr/bin/make -f CMakeFiles/cmTC_714d6.dir/build.make CMakeFiles/cmTC_714d6.dir/build]
  ignore line: [make[1]: Entering directory '/home/ubu/code/mqtt/out/build/linux_arm64/CMakeFiles/CMakeTmp']
  ignore line: [Building CXX object CMakeFiles/cmTC_714d6.dir/CMakeCXXCompilerABI.cpp.o]
  ignore line: [/usr/local/arm/bin/aarch64-linux-g++    -v -o CMakeFiles/cmTC_714d6.dir/CMakeCXXCompilerABI.cpp.o -c /usr/share/cmake-3.16/Modules/CMakeCXXCompilerABI.cpp]
  ignore line: [Using built-in specs.]
  ignore line: [COLLECT_GCC=/usr/local/arm/bin/aarch64-linux-g++.br_real]
  ignore line: [Target: aarch64-rockchip-linux-gnu]
  ignore line: [Configured with: ./configure --prefix=/home/andy/rk3308b/sail_rk3308_linux_release_v1.5.2_20220124_biandai/buildroot/output/rk3308b_biandai_release/host --sysconfdir=/home/andy/rk3308b/sail_rk3308_linux_release_v1.5.2_20220124_biandai/buildroot/output/rk3308b_biandai_release/host/etc --enable-static --target=aarch64-rockchip-linux-gnu --with-sysroot=/home/andy/rk3308b/sail_rk3308_linux_release_v1.5.2_20220124_biandai/buildroot/output/rk3308b_biandai_release/host/aarch64-rockchip-linux-gnu/sysroot --disable-__cxa_atexit --with-gnu-ld --disable-libssp --disable-multilib --with-gmp=/home/andy/rk3308b/sail_rk3308_linux_release_v1.5.2_20220124_biandai/buildroot/output/rk3308b_biandai_release/host --with-mpc=/home/andy/rk3308b/sail_rk3308_linux_release_v1.5.2_20220124_biandai/buildroot/output/rk3308b_biandai_release/host --with-mpfr=/home/andy/rk3308b/sail_rk3308_linux_release_v1.5.2_20220124_biandai/buildroot/output/rk3308b_biandai_release/host --with-pkgversion='Buildroot 2018.02-rc3-01031-g8654bb7-dirty' --with-bugurl=http://bugs.buildroot.net/ --disable-libquadmath --enable-tls --disable-libmudflap --enable-threads --without-isl --without-cloog --disable-decimal-float --with-abi=lp64 --with-cpu=cortex-a35 --enable-languages=c,c++ --with-build-time-tools=/home/andy/rk3308b/sail_rk3308_linux_release_v1.5.2_20220124_biandai/buildroot/output/rk3308b_biandai_release/host/aarch64-rockchip-linux-gnu/bin --enable-shared --enable-libgomp]
  ignore line: [Thread model: posix]
  ignore line: [gcc version 6.4.0 (Buildroot 2018.02-rc3-01031-g8654bb7-dirty) ]
  ignore line: [COLLECT_GCC_OPTIONS='-v' '-o' 'CMakeFiles/cmTC_714d6.dir/CMakeCXXCompilerABI.cpp.o' '-c' '-shared-libgcc' '-mcpu=cortex-a35' '-mlittle-endian' '-mabi=lp64']
  ignore line: [ /usr/local/arm/bin/../libexec/gcc/aarch64-rockchip-linux-gnu/6.4.0/cc1plus -quiet -v -iprefix /usr/local/arm/bin/../lib/gcc/aarch64-rockchip-linux-gnu/6.4.0/ -isysroot /usr/local/arm/aarch64-rockchip-linux-gnu/sysroot -D_GNU_SOURCE /usr/share/cmake-3.16/Modules/CMakeCXXCompilerABI.cpp -quiet -dumpbase CMakeCXXCompilerABI.cpp -mcpu=cortex-a35 -mlittle-endian -mabi=lp64 -auxbase-strip CMakeFiles/cmTC_714d6.dir/CMakeCXXCompilerABI.cpp.o -version -o /tmp/ccpGqoMV.s]
  ignore line: [GNU C++14 (Buildroot 2018.02-rc3-01031-g8654bb7-dirty) version 6.4.0 (aarch64-rockchip-linux-gnu)]
  ignore line: [	compiled by GNU C version 5.4.0 20160609  GMP version 6.1.2  MPFR version 3.1.6  MPC version 1.0.3  isl version none]
  ignore line: [GGC heuristics: --param ggc-min-expand=100 --param ggc-min-heapsize=131072]
  ignore line: [ignoring duplicate directory "/usr/local/arm/bin/../lib/gcc/../../lib/gcc/aarch64-rockchip-linux-gnu/6.4.0/../../../../aarch64-rockchip-linux-gnu/include/c++/6.4.0"]
  ignore line: [ignoring duplicate directory "/usr/local/arm/bin/../lib/gcc/../../lib/gcc/aarch64-rockchip-linux-gnu/6.4.0/../../../../aarch64-rockchip-linux-gnu/include/c++/6.4.0/aarch64-rockchip-linux-gnu"]
  ignore line: [ignoring duplicate directory "/usr/local/arm/bin/../lib/gcc/../../lib/gcc/aarch64-rockchip-linux-gnu/6.4.0/../../../../aarch64-rockchip-linux-gnu/include/c++/6.4.0/backward"]
  ignore line: [ignoring duplicate directory "/usr/local/arm/bin/../lib/gcc/../../lib/gcc/aarch64-rockchip-linux-gnu/6.4.0/include"]
  ignore line: [ignoring nonexistent directory "/usr/local/arm/aarch64-rockchip-linux-gnu/sysroot/usr/local/include"]
  ignore line: [ignoring duplicate directory "/usr/local/arm/bin/../lib/gcc/../../lib/gcc/aarch64-rockchip-linux-gnu/6.4.0/include-fixed"]
  ignore line: [ignoring duplicate directory "/usr/local/arm/bin/../lib/gcc/../../lib/gcc/aarch64-rockchip-linux-gnu/6.4.0/../../../../aarch64-rockchip-linux-gnu/include"]
  ignore line: [#include "..." search starts here:]
  ignore line: [#include <...> search starts here:]
  ignore line: [ /usr/local/arm/bin/../lib/gcc/aarch64-rockchip-linux-gnu/6.4.0/../../../../aarch64-rockchip-linux-gnu/include/c++/6.4.0]
  ignore line: [ /usr/local/arm/bin/../lib/gcc/aarch64-rockchip-linux-gnu/6.4.0/../../../../aarch64-rockchip-linux-gnu/include/c++/6.4.0/aarch64-rockchip-linux-gnu]
  ignore line: [ /usr/local/arm/bin/../lib/gcc/aarch64-rockchip-linux-gnu/6.4.0/../../../../aarch64-rockchip-linux-gnu/include/c++/6.4.0/backward]
  ignore line: [ /usr/local/arm/bin/../lib/gcc/aarch64-rockchip-linux-gnu/6.4.0/include]
  ignore line: [ /usr/local/arm/bin/../lib/gcc/aarch64-rockchip-linux-gnu/6.4.0/include-fixed]
  ignore line: [ /usr/local/arm/bin/../lib/gcc/aarch64-rockchip-linux-gnu/6.4.0/../../../../aarch64-rockchip-linux-gnu/include]
  ignore line: [ /usr/local/arm/aarch64-rockchip-linux-gnu/sysroot/usr/include]
  ignore line: [End of search list.]
  ignore line: [GNU C++14 (Buildroot 2018.02-rc3-01031-g8654bb7-dirty) version 6.4.0 (aarch64-rockchip-linux-gnu)]
  ignore line: [	compiled by GNU C version 5.4.0 20160609  GMP version 6.1.2  MPFR version 3.1.6  MPC version 1.0.3  isl version none]
  ignore line: [GGC heuristics: --param ggc-min-expand=100 --param ggc-min-heapsize=131072]
  ignore line: [Compiler executable checksum: b200731b587e13f7d3c76ad489bbee94]
  ignore line: [COLLECT_GCC_OPTIONS='-v' '-o' 'CMakeFiles/cmTC_714d6.dir/CMakeCXXCompilerABI.cpp.o' '-c' '-shared-libgcc' '-mcpu=cortex-a35' '-mlittle-endian' '-mabi=lp64']
  ignore line: [ /usr/local/arm/bin/../lib/gcc/aarch64-rockchip-linux-gnu/6.4.0/../../../../aarch64-rockchip-linux-gnu/bin/as -v -EL -march=armv8-a+crc -mabi=lp64 -o CMakeFiles/cmTC_714d6.dir/CMakeCXXCompilerABI.cpp.o /tmp/ccpGqoMV.s]
  ignore line: [GNU assembler version 2.29.1 (aarch64-rockchip-linux-gnu) using BFD version (GNU Binutils) 2.29.1]
  ignore line: [COMPILER_PATH=/usr/local/arm/bin/../libexec/gcc/aarch64-rockchip-linux-gnu/6.4.0/:/usr/local/arm/bin/../libexec/gcc/:/usr/local/arm/bin/../lib/gcc/aarch64-rockchip-linux-gnu/6.4.0/../../../../aarch64-rockchip-linux-gnu/bin/]
  ignore line: [LIBRARY_PATH=/usr/local/arm/bin/../lib/gcc/aarch64-rockchip-linux-gnu/6.4.0/:/usr/local/arm/bin/../lib/gcc/:/usr/local/arm/bin/../lib/gcc/aarch64-rockchip-linux-gnu/6.4.0/../../../../aarch64-rockchip-linux-gnu/lib/../lib64/:/usr/local/arm/aarch64-rockchip-linux-gnu/sysroot/lib/../lib64/:/usr/local/arm/aarch64-rockchip-linux-gnu/sysroot/usr/lib/../lib64/:/usr/local/arm/bin/../lib/gcc/aarch64-rockchip-linux-gnu/6.4.0/../../../../aarch64-rockchip-linux-gnu/lib/:/usr/local/arm/aarch64-rockchip-linux-gnu/sysroot/lib/:/usr/local/arm/aarch64-rockchip-linux-gnu/sysroot/usr/lib/]
  ignore line: [COLLECT_GCC_OPTIONS='-v' '-o' 'CMakeFiles/cmTC_714d6.dir/CMakeCXXCompilerABI.cpp.o' '-c' '-shared-libgcc' '-mcpu=cortex-a35' '-mlittle-endian' '-mabi=lp64']
  ignore line: [Linking CXX executable cmTC_714d6]
  ignore line: [/usr/bin/cmake -E cmake_link_script CMakeFiles/cmTC_714d6.dir/link.txt --verbose=1]
  ignore line: [/usr/local/arm/bin/aarch64-linux-g++      -v CMakeFiles/cmTC_714d6.dir/CMakeCXXCompilerABI.cpp.o  -o cmTC_714d6 ]
  ignore line: [Using built-in specs.]
  ignore line: [COLLECT_GCC=/usr/local/arm/bin/aarch64-linux-g++.br_real]
  ignore line: [COLLECT_LTO_WRAPPER=/usr/local/arm/bin/../libexec/gcc/aarch64-rockchip-linux-gnu/6.4.0/lto-wrapper]
  ignore line: [Target: aarch64-rockchip-linux-gnu]
  ignore line: [Configured with: ./configure --prefix=/home/andy/rk3308b/sail_rk3308_linux_release_v1.5.2_20220124_biandai/buildroot/output/rk3308b_biandai_release/host --sysconfdir=/home/andy/rk3308b/sail_rk3308_linux_release_v1.5.2_20220124_biandai/buildroot/output/rk3308b_biandai_release/host/etc --enable-static --target=aarch64-rockchip-linux-gnu --with-sysroot=/home/andy/rk3308b/sail_rk3308_linux_release_v1.5.2_20220124_biandai/buildroot/output/rk3308b_biandai_release/host/aarch64-rockchip-linux-gnu/sysroot --disable-__cxa_atexit --with-gnu-ld --disable-libssp --disable-multilib --with-gmp=/home/andy/rk3308b/sail_rk3308_linux_release_v1.5.2_20220124_biandai/buildroot/output/rk3308b_biandai_release/host --with-mpc=/home/andy/rk3308b/sail_rk3308_linux_release_v1.5.2_20220124_biandai/buildroot/output/rk3308b_biandai_release/host --with-mpfr=/home/andy/rk3308b/sail_rk3308_linux_release_v1.5.2_20220124_biandai/buildroot/output/rk3308b_biandai_release/host --with-pkgversion='Buildroot 2018.02-rc3-01031-g8654bb7-dirty' --with-bugurl=http://bugs.buildroot.net/ --disable-libquadmath --enable-tls --disable-libmudflap --enable-threads --without-isl --without-cloog --disable-decimal-float --with-abi=lp64 --with-cpu=cortex-a35 --enable-languages=c,c++ --with-build-time-tools=/home/andy/rk3308b/sail_rk3308_linux_release_v1.5.2_20220124_biandai/buildroot/output/rk3308b_biandai_release/host/aarch64-rockchip-linux-gnu/bin --enable-shared --enable-libgomp]
  ignore line: [Thread model: posix]
  ignore line: [gcc version 6.4.0 (Buildroot 2018.02-rc3-01031-g8654bb7-dirty) ]
  ignore line: [COMPILER_PATH=/usr/local/arm/bin/../libexec/gcc/aarch64-rockchip-linux-gnu/6.4.0/:/usr/local/arm/bin/../libexec/gcc/:/usr/local/arm/bin/../lib/gcc/aarch64-rockchip-linux-gnu/6.4.0/../../../../aarch64-rockchip-linux-gnu/bin/]
  ignore line: [LIBRARY_PATH=/usr/local/arm/bin/../lib/gcc/aarch64-rockchip-linux-gnu/6.4.0/:/usr/local/arm/bin/../lib/gcc/:/usr/local/arm/bin/../lib/gcc/aarch64-rockchip-linux-gnu/6.4.0/../../../../aarch64-rockchip-linux-gnu/lib/../lib64/:/usr/local/arm/aarch64-rockchip-linux-gnu/sysroot/lib/../lib64/:/usr/local/arm/aarch64-rockchip-linux-gnu/sysroot/usr/lib/../lib64/:/usr/local/arm/bin/../lib/gcc/aarch64-rockchip-linux-gnu/6.4.0/../../../../aarch64-rockchip-linux-gnu/lib/:/usr/local/arm/aarch64-rockchip-linux-gnu/sysroot/lib/:/usr/local/arm/aarch64-rockchip-linux-gnu/sysroot/usr/lib/]
  ignore line: [COLLECT_GCC_OPTIONS='-v' '-o' 'cmTC_714d6' '-shared-libgcc' '-mcpu=cortex-a35' '-mlittle-endian' '-mabi=lp64']
  link line: [ /usr/local/arm/bin/../libexec/gcc/aarch64-rockchip-linux-gnu/6.4.0/collect2 -plugin /usr/local/arm/bin/../libexec/gcc/aarch64-rockchip-linux-gnu/6.4.0/liblto_plugin.so -plugin-opt=/usr/local/arm/bin/../libexec/gcc/aarch64-rockchip-linux-gnu/6.4.0/lto-wrapper -plugin-opt=-fresolution=/tmp/ccwWZrPq.res -plugin-opt=-pass-through=-lgcc_s -plugin-opt=-pass-through=-lgcc -plugin-opt=-pass-through=-lc -plugin-opt=-pass-through=-lgcc_s -plugin-opt=-pass-through=-lgcc --sysroot=/usr/local/arm/aarch64-rockchip-linux-gnu/sysroot --eh-frame-hdr -dynamic-linker /lib/ld-linux-aarch64.so.1 -X -EL -maarch64linux -o cmTC_714d6 /usr/local/arm/aarch64-rockchip-linux-gnu/sysroot/lib/../lib64/crt1.o /usr/local/arm/aarch64-rockchip-linux-gnu/sysroot/lib/../lib64/crti.o /usr/local/arm/bin/../lib/gcc/aarch64-rockchip-linux-gnu/6.4.0/crtbegin.o -L/usr/local/arm/bin/../lib/gcc/aarch64-rockchip-linux-gnu/6.4.0 -L/usr/local/arm/bin/../lib/gcc -L/usr/local/arm/bin/../lib/gcc/aarch64-rockchip-linux-gnu/6.4.0/../../../../aarch64-rockchip-linux-gnu/lib/../lib64 -L/usr/local/arm/aarch64-rockchip-linux-gnu/sysroot/lib/../lib64 -L/usr/local/arm/aarch64-rockchip-linux-gnu/sysroot/usr/lib/../lib64 -L/usr/local/arm/bin/../lib/gcc/aarch64-rockchip-linux-gnu/6.4.0/../../../../aarch64-rockchip-linux-gnu/lib -L/usr/local/arm/aarch64-rockchip-linux-gnu/sysroot/lib -L/usr/local/arm/aarch64-rockchip-linux-gnu/sysroot/usr/lib CMakeFiles/cmTC_714d6.dir/CMakeCXXCompilerABI.cpp.o -lstdc++ -lm -lgcc_s -lgcc -lc -lgcc_s -lgcc /usr/local/arm/bin/../lib/gcc/aarch64-rockchip-linux-gnu/6.4.0/crtend.o /usr/local/arm/aarch64-rockchip-linux-gnu/sysroot/lib/../lib64/crtn.o]
    arg [/usr/local/arm/bin/../libexec/gcc/aarch64-rockchip-linux-gnu/6.4.0/collect2] ==> ignore
    arg [-plugin] ==> ignore
    arg [/usr/local/arm/bin/../libexec/gcc/aarch64-rockchip-linux-gnu/6.4.0/liblto_plugin.so] ==> ignore
    arg [-plugin-opt=/usr/local/arm/bin/../libexec/gcc/aarch64-rockchip-linux-gnu/6.4.0/lto-wrapper] ==> ignore
    arg [-plugin-opt=-fresolution=/tmp/ccwWZrPq.res] ==> ignore
    arg [-plugin-opt=-pass-through=-lgcc_s] ==> ignore
    arg [-plugin-opt=-pass-through=-lgcc] ==> ignore
    arg [-plugin-opt=-pass-through=-lc] ==> ignore
    arg [-plugin-opt=-pass-through=-lgcc_s] ==> ignore
    arg [-plugin-opt=-pass-through=-lgcc] ==> ignore
    arg [--sysroot=/usr/local/arm/aarch64-rockchip-linux-gnu/sysroot] ==> ignore
    arg [--eh-frame-hdr] ==> ignore
    arg [-dynamic-linker] ==> ignore
    arg [/lib/ld-linux-aarch64.so.1] ==> ignore
    arg [-X] ==> ignore
    arg [-EL] ==> ignore
    arg [-maarch64linux] ==> ignore
    arg [-o] ==> ignore
    arg [cmTC_714d6] ==> ignore
    arg [/usr/local/arm/aarch64-rockchip-linux-gnu/sysroot/lib/../lib64/crt1.o] ==> ignore
    arg [/usr/local/arm/aarch64-rockchip-linux-gnu/sysroot/lib/../lib64/crti.o] ==> ignore
    arg [/usr/local/arm/bin/../lib/gcc/aarch64-rockchip-linux-gnu/6.4.0/crtbegin.o] ==> ignore
    arg [-L/usr/local/arm/bin/../lib/gcc/aarch64-rockchip-linux-gnu/6.4.0] ==> dir [/usr/local/arm/bin/../lib/gcc/aarch64-rockchip-linux-gnu/6.4.0]
    arg [-L/usr/local/arm/bin/../lib/gcc] ==> dir [/usr/local/arm/bin/../lib/gcc]
    arg [-L/usr/local/arm/bin/../lib/gcc/aarch64-rockchip-linux-gnu/6.4.0/../../../../aarch64-rockchip-linux-gnu/lib/../lib64] ==> dir [/usr/local/arm/bin/../lib/gcc/aarch64-rockchip-linux-gnu/6.4.0/../../../../aarch64-rockchip-linux-gnu/lib/../lib64]
    arg [-L/usr/local/arm/aarch64-rockchip-linux-gnu/sysroot/lib/../lib64] ==> dir [/usr/local/arm/aarch64-rockchip-linux-gnu/sysroot/lib/../lib64]
    arg [-L/usr/local/arm/aarch64-rockchip-linux-gnu/sysroot/usr/lib/../lib64] ==> dir [/usr/local/arm/aarch64-rockchip-linux-gnu/sysroot/usr/lib/../lib64]
    arg [-L/usr/local/arm/bin/../lib/gcc/aarch64-rockchip-linux-gnu/6.4.0/../../../../aarch64-rockchip-linux-gnu/lib] ==> dir [/usr/local/arm/bin/../lib/gcc/aarch64-rockchip-linux-gnu/6.4.0/../../../../aarch64-rockchip-linux-gnu/lib]
    arg [-L/usr/local/arm/aarch64-rockchip-linux-gnu/sysroot/lib] ==> dir [/usr/local/arm/aarch64-rockchip-linux-gnu/sysroot/lib]
    arg [-L/usr/local/arm/aarch64-rockchip-linux-gnu/sysroot/usr/lib] ==> dir [/usr/local/arm/aarch64-rockchip-linux-gnu/sysroot/usr/lib]
    arg [CMakeFiles/cmTC_714d6.dir/CMakeCXXCompilerABI.cpp.o] ==> ignore
    arg [-lstdc++] ==> lib [stdc++]
    arg [-lm] ==> lib [m]
    arg [-lgcc_s] ==> lib [gcc_s]
    arg [-lgcc] ==> lib [gcc]
    arg [-lc] ==> lib [c]
    arg [-lgcc_s] ==> lib [gcc_s]
    arg [-lgcc] ==> lib [gcc]
    arg [/usr/local/arm/bin/../lib/gcc/aarch64-rockchip-linux-gnu/6.4.0/crtend.o] ==> ignore
    arg [/usr/local/arm/aarch64-rockchip-linux-gnu/sysroot/lib/../lib64/crtn.o] ==> ignore
  collapse library dir [/usr/local/arm/bin/../lib/gcc/aarch64-rockchip-linux-gnu/6.4.0] ==> [/usr/local/arm/lib/gcc/aarch64-rockchip-linux-gnu/6.4.0]
  collapse library dir [/usr/local/arm/bin/../lib/gcc] ==> [/usr/local/arm/lib/gcc]
  collapse library dir [/usr/local/arm/bin/../lib/gcc/aarch64-rockchip-linux-gnu/6.4.0/../../../../aarch64-rockchip-linux-gnu/lib/../lib64] ==> [/usr/local/arm/aarch64-rockchip-linux-gnu/lib64]
  collapse library dir [/usr/local/arm/aarch64-rockchip-linux-gnu/sysroot/lib/../lib64] ==> [/usr/local/arm/aarch64-rockchip-linux-gnu/sysroot/lib64]
  collapse library dir [/usr/local/arm/aarch64-rockchip-linux-gnu/sysroot/usr/lib/../lib64] ==> [/usr/local/arm/aarch64-rockchip-linux-gnu/sysroot/usr/lib64]
  collapse library dir [/usr/local/arm/bin/../lib/gcc/aarch64-rockchip-linux-gnu/6.4.0/../../../../aarch64-rockchip-linux-gnu/lib] ==> [/usr/local/arm/aarch64-rockchip-linux-gnu/lib]
  collapse library dir [/usr/local/arm/aarch64-rockchip-linux-gnu/sysroot/lib] ==> [/usr/local/arm/aarch64-rockchip-linux-gnu/sysroot/lib]
  collapse library dir [/usr/local/arm/aarch64-rockchip-linux-gnu/sysroot/usr/lib] ==> [/usr/local/arm/aarch64-rockchip-linux-gnu/sysroot/usr/lib]
  implicit libs: [stdc++;m;gcc_s;gcc;c;gcc_s;gcc]
  implicit dirs: [/usr/local/arm/lib/gcc/aarch64-rockchip-linux-gnu/6.4.0;/usr/local/arm/lib/gcc;/usr/local/arm/aarch64-rockchip-linux-gnu/lib64;/usr/local/arm/aarch64-rockchip-linux-gnu/sysroot/lib64;/usr/local/arm/aarch64-rockchip-linux-gnu/sysroot/usr/lib64;/usr/local/arm/aarch64-rockchip-linux-gnu/lib;/usr/local/arm/aarch64-rockchip-linux-gnu/sysroot/lib;/usr/local/arm/aarch64-rockchip-linux-gnu/sysroot/usr/lib]
  implicit fwks: []


